27-04-2023 19:58:52.814 [main] INFO  m.p.s.DotenvPropertySource.addToEnvironment - Initializing Dotenv with DotenvConfig{directory=null, filename=null, ignoreIfMalformed=false, ignoreIfMissing=true, systemProperties=false, prefix=null}
27-04-2023 19:58:52.842 [main] INFO  ai.openfabric.api.Application.logStarting - Starting Application using Java 1.8.0_121 on DESKTOP-U6J1JKQ with PID 1212 (D:\lucru\openfabric\openfabric-test\openfabric-test\openfabric-api\build\classes\java\main started by Sebi in D:\lucru\openfabric\openfabric-test\openfabric-test\openfabric-api)
27-04-2023 19:58:52.843 [main] INFO  ai.openfabric.api.Application.logStartupProfileInfo - The following 2 profiles are active: "base", "local"
27-04-2023 19:58:53.915 [main] INFO  o.s.d.r.c.RepositoryConfigurationDelegate.registerRepositoriesIn - Bootstrapping Spring Data JPA repositories in DEFAULT mode.
27-04-2023 19:58:53.976 [main] INFO  o.s.d.r.c.RepositoryConfigurationDelegate.registerRepositoriesIn - Finished Spring Data repository scanning in 52 ms. Found 1 JPA repository interfaces.
27-04-2023 19:58:55.407 [main] INFO  o.s.b.w.e.tomcat.TomcatWebServer.initialize - Tomcat initialized with port(s): 8080 (http)
27-04-2023 19:58:55.408 [main] INFO  o.a.c.core.AprLifecycleListener.log - Loaded Apache Tomcat Native library [1.2.31] using APR version [1.7.0].
27-04-2023 19:58:55.409 [main] INFO  o.a.c.core.AprLifecycleListener.log - APR capabilities: IPv6 [true], sendfile [true], accept filters [false], random [true], UDS [true].
27-04-2023 19:58:55.409 [main] INFO  o.a.c.core.AprLifecycleListener.log - APR/OpenSSL configuration: useAprConnector [false], useOpenSSL [true]
27-04-2023 19:58:55.423 [main] INFO  o.a.c.core.AprLifecycleListener.log - OpenSSL successfully initialized [OpenSSL 1.1.1l  24 Aug 2021]
27-04-2023 19:58:55.432 [main] INFO  o.a.coyote.http11.Http11NioProtocol.log - Initializing ProtocolHandler ["http-nio-8080"]
27-04-2023 19:58:55.433 [main] INFO  o.a.catalina.core.StandardService.log - Starting service [Tomcat]
27-04-2023 19:58:55.433 [main] INFO  o.a.catalina.core.StandardEngine.log - Starting Servlet engine: [Apache Tomcat/9.0.68]
27-04-2023 19:58:55.629 [main] INFO  o.a.c.c.C.[Tomcat].[localhost].[/].log - Initializing Spring embedded WebApplicationContext
27-04-2023 19:58:55.629 [main] INFO  o.s.b.w.s.c.ServletWebServerApplicationContext.prepareWebApplicationContext - Root WebApplicationContext: initialization completed in 2709 ms
27-04-2023 19:58:55.796 [main] INFO  com.zaxxer.hikari.HikariDataSource.getConnection - HikariPool-1 - Starting...
27-04-2023 19:58:55.800 [main] WARN  o.s.b.w.s.c.AnnotationConfigServletWebServerApplicationContext.refresh - Exception encountered during context initialization - cancelling refresh attempt: org.springframework.beans.factory.BeanCreationException: Error creating bean with name 'liquibase' defined in class path resource [org/springframework/boot/autoconfigure/liquibase/LiquibaseAutoConfiguration$LiquibaseConfiguration.class]: Invocation of init method failed; nested exception is java.lang.RuntimeException: Driver org.postgresql.Driver claims to not accept jdbcUrl, ${env.SPRING_DATASOURCE_URL}
27-04-2023 19:58:55.803 [main] INFO  o.a.catalina.core.StandardService.log - Stopping service [Tomcat]
27-04-2023 19:58:55.815 [main] INFO  o.s.b.a.l.ConditionEvaluationReportLoggingListener.logMessage - 

Error starting ApplicationContext. To display the conditions report re-run your application with 'debug' enabled.
27-04-2023 19:58:55.847 [main] ERROR o.s.boot.SpringApplication.reportFailure - Application run failed
org.springframework.beans.factory.BeanCreationException: Error creating bean with name 'liquibase' defined in class path resource [org/springframework/boot/autoconfigure/liquibase/LiquibaseAutoConfiguration$LiquibaseConfiguration.class]: Invocation of init method failed; nested exception is java.lang.RuntimeException: Driver org.postgresql.Driver claims to not accept jdbcUrl, ${env.SPRING_DATASOURCE_URL}
	at org.springframework.beans.factory.support.AbstractAutowireCapableBeanFactory.initializeBean(AbstractAutowireCapableBeanFactory.java:1804)
	at org.springframework.beans.factory.support.AbstractAutowireCapableBeanFactory.doCreateBean(AbstractAutowireCapableBeanFactory.java:620)
	at org.springframework.beans.factory.support.AbstractAutowireCapableBeanFactory.createBean(AbstractAutowireCapableBeanFactory.java:542)
	at org.springframework.beans.factory.support.AbstractBeanFactory.lambda$doGetBean$0(AbstractBeanFactory.java:335)
	at org.springframework.beans.factory.support.DefaultSingletonBeanRegistry.getSingleton(DefaultSingletonBeanRegistry.java:234)
	at org.springframework.beans.factory.support.AbstractBeanFactory.doGetBean(AbstractBeanFactory.java:333)
	at org.springframework.beans.factory.support.AbstractBeanFactory.getBean(AbstractBeanFactory.java:208)
	at org.springframework.beans.factory.support.AbstractBeanFactory.doGetBean(AbstractBeanFactory.java:322)
	at org.springframework.beans.factory.support.AbstractBeanFactory.getBean(AbstractBeanFactory.java:208)
	at org.springframework.context.support.AbstractApplicationContext.getBean(AbstractApplicationContext.java:1154)
	at org.springframework.context.support.AbstractApplicationContext.finishBeanFactoryInitialization(AbstractApplicationContext.java:908)
	at org.springframework.context.support.AbstractApplicationContext.refresh(AbstractApplicationContext.java:583)
	at org.springframework.boot.web.servlet.context.ServletWebServerApplicationContext.refresh(ServletWebServerApplicationContext.java:147)
	at org.springframework.boot.SpringApplication.refresh(SpringApplication.java:734)
	at org.springframework.boot.SpringApplication.refreshContext(SpringApplication.java:408)
	at org.springframework.boot.SpringApplication.run(SpringApplication.java:308)
	at org.springframework.boot.SpringApplication.run(SpringApplication.java:1306)
	at org.springframework.boot.SpringApplication.run(SpringApplication.java:1295)
	at ai.openfabric.api.Application.main(Application.java:13)
Caused by: java.lang.RuntimeException: Driver org.postgresql.Driver claims to not accept jdbcUrl, ${env.SPRING_DATASOURCE_URL}
	at com.zaxxer.hikari.util.DriverDataSource.<init>(DriverDataSource.java:110)
	at com.zaxxer.hikari.pool.PoolBase.initializeDataSource(PoolBase.java:331)
	at com.zaxxer.hikari.pool.PoolBase.<init>(PoolBase.java:114)
	at com.zaxxer.hikari.pool.HikariPool.<init>(HikariPool.java:108)
	at com.zaxxer.hikari.HikariDataSource.getConnection(HikariDataSource.java:112)
	at liquibase.integration.spring.SpringLiquibase.afterPropertiesSet(SpringLiquibase.java:280)
	at org.springframework.beans.factory.support.AbstractAutowireCapableBeanFactory.invokeInitMethods(AbstractAutowireCapableBeanFactory.java:1863)
	at org.springframework.beans.factory.support.AbstractAutowireCapableBeanFactory.initializeBean(AbstractAutowireCapableBeanFactory.java:1800)
	... 18 common frames omitted
27-04-2023 19:59:12.618 [main] INFO  m.p.s.DotenvPropertySource.addToEnvironment - Initializing Dotenv with DotenvConfig{directory=null, filename=null, ignoreIfMalformed=false, ignoreIfMissing=true, systemProperties=false, prefix=null}
27-04-2023 19:59:12.648 [main] INFO  ai.openfabric.api.Application.logStarting - Starting Application using Java 1.8.0_121 on DESKTOP-U6J1JKQ with PID 28728 (D:\lucru\openfabric\openfabric-test\openfabric-test\openfabric-api\build\classes\java\main started by Sebi in D:\lucru\openfabric\openfabric-test\openfabric-test\openfabric-api)
27-04-2023 19:59:12.649 [main] INFO  ai.openfabric.api.Application.logStartupProfileInfo - The following 2 profiles are active: "base", "local"
27-04-2023 19:59:13.723 [main] INFO  o.s.d.r.c.RepositoryConfigurationDelegate.registerRepositoriesIn - Bootstrapping Spring Data JPA repositories in DEFAULT mode.
27-04-2023 19:59:13.783 [main] INFO  o.s.d.r.c.RepositoryConfigurationDelegate.registerRepositoriesIn - Finished Spring Data repository scanning in 51 ms. Found 1 JPA repository interfaces.
27-04-2023 19:59:15.172 [main] INFO  o.s.b.w.e.tomcat.TomcatWebServer.initialize - Tomcat initialized with port(s): 8080 (http)
27-04-2023 19:59:15.173 [main] INFO  o.a.c.core.AprLifecycleListener.log - Loaded Apache Tomcat Native library [1.2.31] using APR version [1.7.0].
27-04-2023 19:59:15.173 [main] INFO  o.a.c.core.AprLifecycleListener.log - APR capabilities: IPv6 [true], sendfile [true], accept filters [false], random [true], UDS [true].
27-04-2023 19:59:15.173 [main] INFO  o.a.c.core.AprLifecycleListener.log - APR/OpenSSL configuration: useAprConnector [false], useOpenSSL [true]
27-04-2023 19:59:15.177 [main] INFO  o.a.c.core.AprLifecycleListener.log - OpenSSL successfully initialized [OpenSSL 1.1.1l  24 Aug 2021]
27-04-2023 19:59:15.186 [main] INFO  o.a.coyote.http11.Http11NioProtocol.log - Initializing ProtocolHandler ["http-nio-8080"]
27-04-2023 19:59:15.187 [main] INFO  o.a.catalina.core.StandardService.log - Starting service [Tomcat]
27-04-2023 19:59:15.187 [main] INFO  o.a.catalina.core.StandardEngine.log - Starting Servlet engine: [Apache Tomcat/9.0.68]
27-04-2023 19:59:15.387 [main] INFO  o.a.c.c.C.[Tomcat].[localhost].[/].log - Initializing Spring embedded WebApplicationContext
27-04-2023 19:59:15.387 [main] INFO  o.s.b.w.s.c.ServletWebServerApplicationContext.prepareWebApplicationContext - Root WebApplicationContext: initialization completed in 2677 ms
27-04-2023 19:59:15.554 [main] INFO  com.zaxxer.hikari.HikariDataSource.getConnection - HikariPool-1 - Starting...
27-04-2023 19:59:15.557 [main] WARN  o.s.b.w.s.c.AnnotationConfigServletWebServerApplicationContext.refresh - Exception encountered during context initialization - cancelling refresh attempt: org.springframework.beans.factory.BeanCreationException: Error creating bean with name 'liquibase' defined in class path resource [org/springframework/boot/autoconfigure/liquibase/LiquibaseAutoConfiguration$LiquibaseConfiguration.class]: Invocation of init method failed; nested exception is java.lang.RuntimeException: Driver org.postgresql.Driver claims to not accept jdbcUrl, ${env.SPRING_DATASOURCE_URL}
27-04-2023 19:59:15.560 [main] INFO  o.a.catalina.core.StandardService.log - Stopping service [Tomcat]
27-04-2023 19:59:15.571 [main] INFO  o.s.b.a.l.ConditionEvaluationReportLoggingListener.logMessage - 

Error starting ApplicationContext. To display the conditions report re-run your application with 'debug' enabled.
27-04-2023 19:59:15.602 [main] ERROR o.s.boot.SpringApplication.reportFailure - Application run failed
org.springframework.beans.factory.BeanCreationException: Error creating bean with name 'liquibase' defined in class path resource [org/springframework/boot/autoconfigure/liquibase/LiquibaseAutoConfiguration$LiquibaseConfiguration.class]: Invocation of init method failed; nested exception is java.lang.RuntimeException: Driver org.postgresql.Driver claims to not accept jdbcUrl, ${env.SPRING_DATASOURCE_URL}
	at org.springframework.beans.factory.support.AbstractAutowireCapableBeanFactory.initializeBean(AbstractAutowireCapableBeanFactory.java:1804)
	at org.springframework.beans.factory.support.AbstractAutowireCapableBeanFactory.doCreateBean(AbstractAutowireCapableBeanFactory.java:620)
	at org.springframework.beans.factory.support.AbstractAutowireCapableBeanFactory.createBean(AbstractAutowireCapableBeanFactory.java:542)
	at org.springframework.beans.factory.support.AbstractBeanFactory.lambda$doGetBean$0(AbstractBeanFactory.java:335)
	at org.springframework.beans.factory.support.DefaultSingletonBeanRegistry.getSingleton(DefaultSingletonBeanRegistry.java:234)
	at org.springframework.beans.factory.support.AbstractBeanFactory.doGetBean(AbstractBeanFactory.java:333)
	at org.springframework.beans.factory.support.AbstractBeanFactory.getBean(AbstractBeanFactory.java:208)
	at org.springframework.beans.factory.support.AbstractBeanFactory.doGetBean(AbstractBeanFactory.java:322)
	at org.springframework.beans.factory.support.AbstractBeanFactory.getBean(AbstractBeanFactory.java:208)
	at org.springframework.context.support.AbstractApplicationContext.getBean(AbstractApplicationContext.java:1154)
	at org.springframework.context.support.AbstractApplicationContext.finishBeanFactoryInitialization(AbstractApplicationContext.java:908)
	at org.springframework.context.support.AbstractApplicationContext.refresh(AbstractApplicationContext.java:583)
	at org.springframework.boot.web.servlet.context.ServletWebServerApplicationContext.refresh(ServletWebServerApplicationContext.java:147)
	at org.springframework.boot.SpringApplication.refresh(SpringApplication.java:734)
	at org.springframework.boot.SpringApplication.refreshContext(SpringApplication.java:408)
	at org.springframework.boot.SpringApplication.run(SpringApplication.java:308)
	at org.springframework.boot.SpringApplication.run(SpringApplication.java:1306)
	at org.springframework.boot.SpringApplication.run(SpringApplication.java:1295)
	at ai.openfabric.api.Application.main(Application.java:13)
Caused by: java.lang.RuntimeException: Driver org.postgresql.Driver claims to not accept jdbcUrl, ${env.SPRING_DATASOURCE_URL}
	at com.zaxxer.hikari.util.DriverDataSource.<init>(DriverDataSource.java:110)
	at com.zaxxer.hikari.pool.PoolBase.initializeDataSource(PoolBase.java:331)
	at com.zaxxer.hikari.pool.PoolBase.<init>(PoolBase.java:114)
	at com.zaxxer.hikari.pool.HikariPool.<init>(HikariPool.java:108)
	at com.zaxxer.hikari.HikariDataSource.getConnection(HikariDataSource.java:112)
	at liquibase.integration.spring.SpringLiquibase.afterPropertiesSet(SpringLiquibase.java:280)
	at org.springframework.beans.factory.support.AbstractAutowireCapableBeanFactory.invokeInitMethods(AbstractAutowireCapableBeanFactory.java:1863)
	at org.springframework.beans.factory.support.AbstractAutowireCapableBeanFactory.initializeBean(AbstractAutowireCapableBeanFactory.java:1800)
	... 18 common frames omitted
29-04-2023 19:04:09.866 [main] INFO  m.p.s.DotenvPropertySource.addToEnvironment - Initializing Dotenv with DotenvConfig{directory=null, filename=null, ignoreIfMalformed=false, ignoreIfMissing=true, systemProperties=false, prefix=null}
29-04-2023 19:04:10.039 [main] INFO  ai.openfabric.api.Application.logStarting - Starting Application using Java 1.8.0_121 on DESKTOP-U6J1JKQ with PID 37236 (D:\lucru\openfabric\openfabric-test\openfabric-test\openfabric-api\build\classes\java\main started by Sebi in D:\lucru\openfabric\openfabric-test\openfabric-test\openfabric-api)
29-04-2023 19:04:10.041 [main] INFO  ai.openfabric.api.Application.logStartupProfileInfo - The following 2 profiles are active: "base", "local"
29-04-2023 19:04:11.531 [main] INFO  o.s.d.r.c.RepositoryConfigurationDelegate.registerRepositoriesIn - Bootstrapping Spring Data JPA repositories in DEFAULT mode.
29-04-2023 19:04:11.634 [main] INFO  o.s.d.r.c.RepositoryConfigurationDelegate.registerRepositoriesIn - Finished Spring Data repository scanning in 87 ms. Found 1 JPA repository interfaces.
29-04-2023 19:04:14.267 [main] INFO  o.s.b.w.e.tomcat.TomcatWebServer.initialize - Tomcat initialized with port(s): 8080 (http)
29-04-2023 19:04:14.270 [main] INFO  o.a.c.core.AprLifecycleListener.log - Loaded Apache Tomcat Native library [1.2.31] using APR version [1.7.0].
29-04-2023 19:04:14.271 [main] INFO  o.a.c.core.AprLifecycleListener.log - APR capabilities: IPv6 [true], sendfile [true], accept filters [false], random [true], UDS [true].
29-04-2023 19:04:14.272 [main] INFO  o.a.c.core.AprLifecycleListener.log - APR/OpenSSL configuration: useAprConnector [false], useOpenSSL [true]
29-04-2023 19:04:14.288 [main] INFO  o.a.c.core.AprLifecycleListener.log - OpenSSL successfully initialized [OpenSSL 1.1.1l  24 Aug 2021]
29-04-2023 19:04:14.310 [main] INFO  o.a.coyote.http11.Http11NioProtocol.log - Initializing ProtocolHandler ["http-nio-8080"]
29-04-2023 19:04:14.312 [main] INFO  o.a.catalina.core.StandardService.log - Starting service [Tomcat]
29-04-2023 19:04:14.312 [main] INFO  o.a.catalina.core.StandardEngine.log - Starting Servlet engine: [Apache Tomcat/9.0.68]
29-04-2023 19:04:14.725 [main] INFO  o.a.c.c.C.[Tomcat].[localhost].[/].log - Initializing Spring embedded WebApplicationContext
29-04-2023 19:04:14.726 [main] INFO  o.s.b.w.s.c.ServletWebServerApplicationContext.prepareWebApplicationContext - Root WebApplicationContext: initialization completed in 4532 ms
29-04-2023 19:04:15.057 [main] INFO  com.zaxxer.hikari.HikariDataSource.getConnection - HikariPool-1 - Starting...
29-04-2023 19:04:15.065 [main] WARN  o.s.b.w.s.c.AnnotationConfigServletWebServerApplicationContext.refresh - Exception encountered during context initialization - cancelling refresh attempt: org.springframework.beans.factory.BeanCreationException: Error creating bean with name 'liquibase' defined in class path resource [org/springframework/boot/autoconfigure/liquibase/LiquibaseAutoConfiguration$LiquibaseConfiguration.class]: Invocation of init method failed; nested exception is java.lang.RuntimeException: Driver org.postgresql.Driver claims to not accept jdbcUrl, ${env.SPRING_DATASOURCE_URL}
29-04-2023 19:04:15.071 [main] INFO  o.a.catalina.core.StandardService.log - Stopping service [Tomcat]
29-04-2023 19:04:15.119 [main] INFO  o.s.b.a.l.ConditionEvaluationReportLoggingListener.logMessage - 

Error starting ApplicationContext. To display the conditions report re-run your application with 'debug' enabled.
29-04-2023 19:04:15.184 [main] ERROR o.s.boot.SpringApplication.reportFailure - Application run failed
org.springframework.beans.factory.BeanCreationException: Error creating bean with name 'liquibase' defined in class path resource [org/springframework/boot/autoconfigure/liquibase/LiquibaseAutoConfiguration$LiquibaseConfiguration.class]: Invocation of init method failed; nested exception is java.lang.RuntimeException: Driver org.postgresql.Driver claims to not accept jdbcUrl, ${env.SPRING_DATASOURCE_URL}
	at org.springframework.beans.factory.support.AbstractAutowireCapableBeanFactory.initializeBean(AbstractAutowireCapableBeanFactory.java:1804)
	at org.springframework.beans.factory.support.AbstractAutowireCapableBeanFactory.doCreateBean(AbstractAutowireCapableBeanFactory.java:620)
	at org.springframework.beans.factory.support.AbstractAutowireCapableBeanFactory.createBean(AbstractAutowireCapableBeanFactory.java:542)
	at org.springframework.beans.factory.support.AbstractBeanFactory.lambda$doGetBean$0(AbstractBeanFactory.java:335)
	at org.springframework.beans.factory.support.DefaultSingletonBeanRegistry.getSingleton(DefaultSingletonBeanRegistry.java:234)
	at org.springframework.beans.factory.support.AbstractBeanFactory.doGetBean(AbstractBeanFactory.java:333)
	at org.springframework.beans.factory.support.AbstractBeanFactory.getBean(AbstractBeanFactory.java:208)
	at org.springframework.beans.factory.support.AbstractBeanFactory.doGetBean(AbstractBeanFactory.java:322)
	at org.springframework.beans.factory.support.AbstractBeanFactory.getBean(AbstractBeanFactory.java:208)
	at org.springframework.context.support.AbstractApplicationContext.getBean(AbstractApplicationContext.java:1154)
	at org.springframework.context.support.AbstractApplicationContext.finishBeanFactoryInitialization(AbstractApplicationContext.java:908)
	at org.springframework.context.support.AbstractApplicationContext.refresh(AbstractApplicationContext.java:583)
	at org.springframework.boot.web.servlet.context.ServletWebServerApplicationContext.refresh(ServletWebServerApplicationContext.java:147)
	at org.springframework.boot.SpringApplication.refresh(SpringApplication.java:734)
	at org.springframework.boot.SpringApplication.refreshContext(SpringApplication.java:408)
	at org.springframework.boot.SpringApplication.run(SpringApplication.java:308)
	at org.springframework.boot.SpringApplication.run(SpringApplication.java:1306)
	at org.springframework.boot.SpringApplication.run(SpringApplication.java:1295)
	at ai.openfabric.api.Application.main(Application.java:13)
Caused by: java.lang.RuntimeException: Driver org.postgresql.Driver claims to not accept jdbcUrl, ${env.SPRING_DATASOURCE_URL}
	at com.zaxxer.hikari.util.DriverDataSource.<init>(DriverDataSource.java:110)
	at com.zaxxer.hikari.pool.PoolBase.initializeDataSource(PoolBase.java:331)
	at com.zaxxer.hikari.pool.PoolBase.<init>(PoolBase.java:114)
	at com.zaxxer.hikari.pool.HikariPool.<init>(HikariPool.java:108)
	at com.zaxxer.hikari.HikariDataSource.getConnection(HikariDataSource.java:112)
	at liquibase.integration.spring.SpringLiquibase.afterPropertiesSet(SpringLiquibase.java:280)
	at org.springframework.beans.factory.support.AbstractAutowireCapableBeanFactory.invokeInitMethods(AbstractAutowireCapableBeanFactory.java:1863)
	at org.springframework.beans.factory.support.AbstractAutowireCapableBeanFactory.initializeBean(AbstractAutowireCapableBeanFactory.java:1800)
	... 18 common frames omitted
29-04-2023 19:10:11.537 [main] INFO  m.p.s.DotenvPropertySource.addToEnvironment - Initializing Dotenv with DotenvConfig{directory=null, filename=null, ignoreIfMalformed=false, ignoreIfMissing=true, systemProperties=false, prefix=null}
29-04-2023 19:10:11.572 [main] INFO  ai.openfabric.api.Application.logStarting - Starting Application using Java 1.8.0_121 on DESKTOP-U6J1JKQ with PID 29568 (D:\lucru\openfabric\openfabric-test\openfabric-test\openfabric-api\build\classes\java\main started by Sebi in D:\lucru\openfabric\openfabric-test\openfabric-test\openfabric-api)
29-04-2023 19:10:11.573 [main] INFO  ai.openfabric.api.Application.logStartupProfileInfo - The following 2 profiles are active: "base", "local"
29-04-2023 19:10:13.040 [main] INFO  o.s.d.r.c.RepositoryConfigurationDelegate.registerRepositoriesIn - Bootstrapping Spring Data JPA repositories in DEFAULT mode.
29-04-2023 19:10:13.112 [main] INFO  o.s.d.r.c.RepositoryConfigurationDelegate.registerRepositoriesIn - Finished Spring Data repository scanning in 61 ms. Found 1 JPA repository interfaces.
29-04-2023 19:10:14.874 [main] INFO  o.s.b.w.e.tomcat.TomcatWebServer.initialize - Tomcat initialized with port(s): 8080 (http)
29-04-2023 19:10:14.877 [main] INFO  o.a.c.core.AprLifecycleListener.log - Loaded Apache Tomcat Native library [1.2.31] using APR version [1.7.0].
29-04-2023 19:10:14.878 [main] INFO  o.a.c.core.AprLifecycleListener.log - APR capabilities: IPv6 [true], sendfile [true], accept filters [false], random [true], UDS [true].
29-04-2023 19:10:14.878 [main] INFO  o.a.c.core.AprLifecycleListener.log - APR/OpenSSL configuration: useAprConnector [false], useOpenSSL [true]
29-04-2023 19:10:14.887 [main] INFO  o.a.c.core.AprLifecycleListener.log - OpenSSL successfully initialized [OpenSSL 1.1.1l  24 Aug 2021]
29-04-2023 19:10:14.913 [main] INFO  o.a.coyote.http11.Http11NioProtocol.log - Initializing ProtocolHandler ["http-nio-8080"]
29-04-2023 19:10:14.915 [main] INFO  o.a.catalina.core.StandardService.log - Starting service [Tomcat]
29-04-2023 19:10:14.916 [main] INFO  o.a.catalina.core.StandardEngine.log - Starting Servlet engine: [Apache Tomcat/9.0.68]
29-04-2023 19:10:15.278 [main] INFO  o.a.c.c.C.[Tomcat].[localhost].[/].log - Initializing Spring embedded WebApplicationContext
29-04-2023 19:10:15.279 [main] INFO  o.s.b.w.s.c.ServletWebServerApplicationContext.prepareWebApplicationContext - Root WebApplicationContext: initialization completed in 3614 ms
29-04-2023 19:10:15.532 [main] INFO  com.zaxxer.hikari.HikariDataSource.getConnection - HikariPool-1 - Starting...
29-04-2023 19:10:15.542 [main] WARN  o.s.b.w.s.c.AnnotationConfigServletWebServerApplicationContext.refresh - Exception encountered during context initialization - cancelling refresh attempt: org.springframework.beans.factory.BeanCreationException: Error creating bean with name 'liquibase' defined in class path resource [org/springframework/boot/autoconfigure/liquibase/LiquibaseAutoConfiguration$LiquibaseConfiguration.class]: Invocation of init method failed; nested exception is java.lang.RuntimeException: Driver org.postgresql.Driver claims to not accept jdbcUrl, ${env.SPRING_DATASOURCE_URL}
29-04-2023 19:10:15.547 [main] INFO  o.a.catalina.core.StandardService.log - Stopping service [Tomcat]
29-04-2023 19:10:15.577 [main] INFO  o.s.b.a.l.ConditionEvaluationReportLoggingListener.logMessage - 

Error starting ApplicationContext. To display the conditions report re-run your application with 'debug' enabled.
29-04-2023 19:10:15.674 [main] ERROR o.s.boot.SpringApplication.reportFailure - Application run failed
org.springframework.beans.factory.BeanCreationException: Error creating bean with name 'liquibase' defined in class path resource [org/springframework/boot/autoconfigure/liquibase/LiquibaseAutoConfiguration$LiquibaseConfiguration.class]: Invocation of init method failed; nested exception is java.lang.RuntimeException: Driver org.postgresql.Driver claims to not accept jdbcUrl, ${env.SPRING_DATASOURCE_URL}
	at org.springframework.beans.factory.support.AbstractAutowireCapableBeanFactory.initializeBean(AbstractAutowireCapableBeanFactory.java:1804)
	at org.springframework.beans.factory.support.AbstractAutowireCapableBeanFactory.doCreateBean(AbstractAutowireCapableBeanFactory.java:620)
	at org.springframework.beans.factory.support.AbstractAutowireCapableBeanFactory.createBean(AbstractAutowireCapableBeanFactory.java:542)
	at org.springframework.beans.factory.support.AbstractBeanFactory.lambda$doGetBean$0(AbstractBeanFactory.java:335)
	at org.springframework.beans.factory.support.DefaultSingletonBeanRegistry.getSingleton(DefaultSingletonBeanRegistry.java:234)
	at org.springframework.beans.factory.support.AbstractBeanFactory.doGetBean(AbstractBeanFactory.java:333)
	at org.springframework.beans.factory.support.AbstractBeanFactory.getBean(AbstractBeanFactory.java:208)
	at org.springframework.beans.factory.support.AbstractBeanFactory.doGetBean(AbstractBeanFactory.java:322)
	at org.springframework.beans.factory.support.AbstractBeanFactory.getBean(AbstractBeanFactory.java:208)
	at org.springframework.context.support.AbstractApplicationContext.getBean(AbstractApplicationContext.java:1154)
	at org.springframework.context.support.AbstractApplicationContext.finishBeanFactoryInitialization(AbstractApplicationContext.java:908)
	at org.springframework.context.support.AbstractApplicationContext.refresh(AbstractApplicationContext.java:583)
	at org.springframework.boot.web.servlet.context.ServletWebServerApplicationContext.refresh(ServletWebServerApplicationContext.java:147)
	at org.springframework.boot.SpringApplication.refresh(SpringApplication.java:734)
	at org.springframework.boot.SpringApplication.refreshContext(SpringApplication.java:408)
	at org.springframework.boot.SpringApplication.run(SpringApplication.java:308)
	at org.springframework.boot.SpringApplication.run(SpringApplication.java:1306)
	at org.springframework.boot.SpringApplication.run(SpringApplication.java:1295)
	at ai.openfabric.api.Application.main(Application.java:13)
Caused by: java.lang.RuntimeException: Driver org.postgresql.Driver claims to not accept jdbcUrl, ${env.SPRING_DATASOURCE_URL}
	at com.zaxxer.hikari.util.DriverDataSource.<init>(DriverDataSource.java:110)
	at com.zaxxer.hikari.pool.PoolBase.initializeDataSource(PoolBase.java:331)
	at com.zaxxer.hikari.pool.PoolBase.<init>(PoolBase.java:114)
	at com.zaxxer.hikari.pool.HikariPool.<init>(HikariPool.java:108)
	at com.zaxxer.hikari.HikariDataSource.getConnection(HikariDataSource.java:112)
	at liquibase.integration.spring.SpringLiquibase.afterPropertiesSet(SpringLiquibase.java:280)
	at org.springframework.beans.factory.support.AbstractAutowireCapableBeanFactory.invokeInitMethods(AbstractAutowireCapableBeanFactory.java:1863)
	at org.springframework.beans.factory.support.AbstractAutowireCapableBeanFactory.initializeBean(AbstractAutowireCapableBeanFactory.java:1800)
	... 18 common frames omitted
29-04-2023 21:03:17.587 [main] INFO  m.p.s.DotenvPropertySource.addToEnvironment - Initializing Dotenv with DotenvConfig{directory=null, filename=null, ignoreIfMalformed=false, ignoreIfMissing=true, systemProperties=false, prefix=null}
29-04-2023 21:03:17.723 [main] INFO  ai.openfabric.api.Application.logStarting - Starting Application using Java 1.8.0_121 on DESKTOP-U6J1JKQ with PID 38228 (D:\lucru\openfabric\openfabric-test\openfabric-test\openfabric-api\build\classes\java\main started by Sebi in D:\lucru\openfabric\openfabric-test\openfabric-test\openfabric-api)
29-04-2023 21:03:17.724 [main] INFO  ai.openfabric.api.Application.logStartupProfileInfo - The following 2 profiles are active: "base", "local"
29-04-2023 21:03:43.206 [main] INFO  m.p.s.DotenvPropertySource.addToEnvironment - Initializing Dotenv with DotenvConfig{directory=null, filename=null, ignoreIfMalformed=false, ignoreIfMissing=true, systemProperties=false, prefix=null}
29-04-2023 21:03:43.235 [main] INFO  ai.openfabric.api.Application.logStarting - Starting Application using Java 1.8.0_121 on DESKTOP-U6J1JKQ with PID 12428 (D:\lucru\openfabric\openfabric-test\openfabric-test\openfabric-api\build\classes\java\main started by Sebi in D:\lucru\openfabric\openfabric-test\openfabric-test\openfabric-api)
29-04-2023 21:03:43.236 [main] INFO  ai.openfabric.api.Application.logStartupProfileInfo - The following 2 profiles are active: "base", "local"
29-04-2023 21:03:44.545 [main] INFO  o.s.d.r.c.RepositoryConfigurationDelegate.registerRepositoriesIn - Bootstrapping Spring Data JPA repositories in DEFAULT mode.
29-04-2023 21:03:44.611 [main] INFO  o.s.d.r.c.RepositoryConfigurationDelegate.registerRepositoriesIn - Finished Spring Data repository scanning in 55 ms. Found 1 JPA repository interfaces.
29-04-2023 21:03:46.024 [main] INFO  o.s.b.w.e.tomcat.TomcatWebServer.initialize - Tomcat initialized with port(s): 8080 (http)
29-04-2023 21:03:46.025 [main] INFO  o.a.c.core.AprLifecycleListener.log - Loaded Apache Tomcat Native library [1.2.31] using APR version [1.7.0].
29-04-2023 21:03:46.026 [main] INFO  o.a.c.core.AprLifecycleListener.log - APR capabilities: IPv6 [true], sendfile [true], accept filters [false], random [true], UDS [true].
29-04-2023 21:03:46.026 [main] INFO  o.a.c.core.AprLifecycleListener.log - APR/OpenSSL configuration: useAprConnector [false], useOpenSSL [true]
29-04-2023 21:03:46.029 [main] INFO  o.a.c.core.AprLifecycleListener.log - OpenSSL successfully initialized [OpenSSL 1.1.1l  24 Aug 2021]
29-04-2023 21:03:46.039 [main] INFO  o.a.coyote.http11.Http11NioProtocol.log - Initializing ProtocolHandler ["http-nio-8080"]
29-04-2023 21:03:46.040 [main] INFO  o.a.catalina.core.StandardService.log - Starting service [Tomcat]
29-04-2023 21:03:46.040 [main] INFO  o.a.catalina.core.StandardEngine.log - Starting Servlet engine: [Apache Tomcat/9.0.68]
29-04-2023 21:03:46.239 [main] INFO  o.a.c.c.C.[Tomcat].[localhost].[/].log - Initializing Spring embedded WebApplicationContext
29-04-2023 21:03:46.240 [main] INFO  o.s.b.w.s.c.ServletWebServerApplicationContext.prepareWebApplicationContext - Root WebApplicationContext: initialization completed in 2932 ms
29-04-2023 21:03:46.420 [main] INFO  com.zaxxer.hikari.HikariDataSource.getConnection - HikariPool-1 - Starting...
29-04-2023 21:03:48.305 [main] ERROR com.zaxxer.hikari.pool.HikariPool.throwPoolInitializationException - HikariPool-1 - Exception during pool initialization.
org.postgresql.util.PSQLException: FATAL: database "openfabric# ${env.SPRING_DATASOURCE_URL}" does not exist
	at org.postgresql.core.v3.QueryExecutorImpl.receiveErrorResponse(QueryExecutorImpl.java:2676)
	at org.postgresql.core.v3.QueryExecutorImpl.readStartupMessages(QueryExecutorImpl.java:2788)
	at org.postgresql.core.v3.QueryExecutorImpl.<init>(QueryExecutorImpl.java:174)
	at org.postgresql.core.v3.ConnectionFactoryImpl.openConnectionImpl(ConnectionFactoryImpl.java:290)
	at org.postgresql.core.ConnectionFactory.openConnection(ConnectionFactory.java:49)
	at org.postgresql.jdbc.PgConnection.<init>(PgConnection.java:247)
	at org.postgresql.Driver.makeConnection(Driver.java:434)
	at org.postgresql.Driver.connect(Driver.java:291)
	at com.zaxxer.hikari.util.DriverDataSource.getConnection(DriverDataSource.java:138)
	at com.zaxxer.hikari.pool.PoolBase.newConnection(PoolBase.java:364)
	at com.zaxxer.hikari.pool.PoolBase.newPoolEntry(PoolBase.java:206)
	at com.zaxxer.hikari.pool.HikariPool.createPoolEntry(HikariPool.java:476)
	at com.zaxxer.hikari.pool.HikariPool.checkFailFast(HikariPool.java:561)
	at com.zaxxer.hikari.pool.HikariPool.<init>(HikariPool.java:115)
	at com.zaxxer.hikari.HikariDataSource.getConnection(HikariDataSource.java:112)
	at liquibase.integration.spring.SpringLiquibase.afterPropertiesSet(SpringLiquibase.java:280)
	at org.springframework.beans.factory.support.AbstractAutowireCapableBeanFactory.invokeInitMethods(AbstractAutowireCapableBeanFactory.java:1863)
	at org.springframework.beans.factory.support.AbstractAutowireCapableBeanFactory.initializeBean(AbstractAutowireCapableBeanFactory.java:1800)
	at org.springframework.beans.factory.support.AbstractAutowireCapableBeanFactory.doCreateBean(AbstractAutowireCapableBeanFactory.java:620)
	at org.springframework.beans.factory.support.AbstractAutowireCapableBeanFactory.createBean(AbstractAutowireCapableBeanFactory.java:542)
	at org.springframework.beans.factory.support.AbstractBeanFactory.lambda$doGetBean$0(AbstractBeanFactory.java:335)
	at org.springframework.beans.factory.support.DefaultSingletonBeanRegistry.getSingleton(DefaultSingletonBeanRegistry.java:234)
	at org.springframework.beans.factory.support.AbstractBeanFactory.doGetBean(AbstractBeanFactory.java:333)
	at org.springframework.beans.factory.support.AbstractBeanFactory.getBean(AbstractBeanFactory.java:208)
	at org.springframework.beans.factory.support.AbstractBeanFactory.doGetBean(AbstractBeanFactory.java:322)
	at org.springframework.beans.factory.support.AbstractBeanFactory.getBean(AbstractBeanFactory.java:208)
	at org.springframework.context.support.AbstractApplicationContext.getBean(AbstractApplicationContext.java:1154)
	at org.springframework.context.support.AbstractApplicationContext.finishBeanFactoryInitialization(AbstractApplicationContext.java:908)
	at org.springframework.context.support.AbstractApplicationContext.refresh(AbstractApplicationContext.java:583)
	at org.springframework.boot.web.servlet.context.ServletWebServerApplicationContext.refresh(ServletWebServerApplicationContext.java:147)
	at org.springframework.boot.SpringApplication.refresh(SpringApplication.java:734)
	at org.springframework.boot.SpringApplication.refreshContext(SpringApplication.java:408)
	at org.springframework.boot.SpringApplication.run(SpringApplication.java:308)
	at org.springframework.boot.SpringApplication.run(SpringApplication.java:1306)
	at org.springframework.boot.SpringApplication.run(SpringApplication.java:1295)
	at ai.openfabric.api.Application.main(Application.java:13)
29-04-2023 21:03:48.308 [main] WARN  o.s.b.w.s.c.AnnotationConfigServletWebServerApplicationContext.refresh - Exception encountered during context initialization - cancelling refresh attempt: org.springframework.beans.factory.BeanCreationException: Error creating bean with name 'liquibase' defined in class path resource [org/springframework/boot/autoconfigure/liquibase/LiquibaseAutoConfiguration$LiquibaseConfiguration.class]: Invocation of init method failed; nested exception is liquibase.exception.DatabaseException: org.postgresql.util.PSQLException: FATAL: database "openfabric# ${env.SPRING_DATASOURCE_URL}" does not exist
29-04-2023 21:03:48.312 [main] INFO  o.a.catalina.core.StandardService.log - Stopping service [Tomcat]
29-04-2023 21:03:48.333 [main] INFO  o.s.b.a.l.ConditionEvaluationReportLoggingListener.logMessage - 

Error starting ApplicationContext. To display the conditions report re-run your application with 'debug' enabled.
29-04-2023 21:03:48.370 [main] ERROR o.s.boot.SpringApplication.reportFailure - Application run failed
org.springframework.beans.factory.BeanCreationException: Error creating bean with name 'liquibase' defined in class path resource [org/springframework/boot/autoconfigure/liquibase/LiquibaseAutoConfiguration$LiquibaseConfiguration.class]: Invocation of init method failed; nested exception is liquibase.exception.DatabaseException: org.postgresql.util.PSQLException: FATAL: database "openfabric# ${env.SPRING_DATASOURCE_URL}" does not exist
	at org.springframework.beans.factory.support.AbstractAutowireCapableBeanFactory.initializeBean(AbstractAutowireCapableBeanFactory.java:1804)
	at org.springframework.beans.factory.support.AbstractAutowireCapableBeanFactory.doCreateBean(AbstractAutowireCapableBeanFactory.java:620)
	at org.springframework.beans.factory.support.AbstractAutowireCapableBeanFactory.createBean(AbstractAutowireCapableBeanFactory.java:542)
	at org.springframework.beans.factory.support.AbstractBeanFactory.lambda$doGetBean$0(AbstractBeanFactory.java:335)
	at org.springframework.beans.factory.support.DefaultSingletonBeanRegistry.getSingleton(DefaultSingletonBeanRegistry.java:234)
	at org.springframework.beans.factory.support.AbstractBeanFactory.doGetBean(AbstractBeanFactory.java:333)
	at org.springframework.beans.factory.support.AbstractBeanFactory.getBean(AbstractBeanFactory.java:208)
	at org.springframework.beans.factory.support.AbstractBeanFactory.doGetBean(AbstractBeanFactory.java:322)
	at org.springframework.beans.factory.support.AbstractBeanFactory.getBean(AbstractBeanFactory.java:208)
	at org.springframework.context.support.AbstractApplicationContext.getBean(AbstractApplicationContext.java:1154)
	at org.springframework.context.support.AbstractApplicationContext.finishBeanFactoryInitialization(AbstractApplicationContext.java:908)
	at org.springframework.context.support.AbstractApplicationContext.refresh(AbstractApplicationContext.java:583)
	at org.springframework.boot.web.servlet.context.ServletWebServerApplicationContext.refresh(ServletWebServerApplicationContext.java:147)
	at org.springframework.boot.SpringApplication.refresh(SpringApplication.java:734)
	at org.springframework.boot.SpringApplication.refreshContext(SpringApplication.java:408)
	at org.springframework.boot.SpringApplication.run(SpringApplication.java:308)
	at org.springframework.boot.SpringApplication.run(SpringApplication.java:1306)
	at org.springframework.boot.SpringApplication.run(SpringApplication.java:1295)
	at ai.openfabric.api.Application.main(Application.java:13)
Caused by: liquibase.exception.DatabaseException: org.postgresql.util.PSQLException: FATAL: database "openfabric# ${env.SPRING_DATASOURCE_URL}" does not exist
	at liquibase.integration.spring.SpringLiquibase.afterPropertiesSet(SpringLiquibase.java:285)
	at org.springframework.beans.factory.support.AbstractAutowireCapableBeanFactory.invokeInitMethods(AbstractAutowireCapableBeanFactory.java:1863)
	at org.springframework.beans.factory.support.AbstractAutowireCapableBeanFactory.initializeBean(AbstractAutowireCapableBeanFactory.java:1800)
	... 18 common frames omitted
Caused by: org.postgresql.util.PSQLException: FATAL: database "openfabric# ${env.SPRING_DATASOURCE_URL}" does not exist
	at org.postgresql.core.v3.QueryExecutorImpl.receiveErrorResponse(QueryExecutorImpl.java:2676)
	at org.postgresql.core.v3.QueryExecutorImpl.readStartupMessages(QueryExecutorImpl.java:2788)
	at org.postgresql.core.v3.QueryExecutorImpl.<init>(QueryExecutorImpl.java:174)
	at org.postgresql.core.v3.ConnectionFactoryImpl.openConnectionImpl(ConnectionFactoryImpl.java:290)
	at org.postgresql.core.ConnectionFactory.openConnection(ConnectionFactory.java:49)
	at org.postgresql.jdbc.PgConnection.<init>(PgConnection.java:247)
	at org.postgresql.Driver.makeConnection(Driver.java:434)
	at org.postgresql.Driver.connect(Driver.java:291)
	at com.zaxxer.hikari.util.DriverDataSource.getConnection(DriverDataSource.java:138)
	at com.zaxxer.hikari.pool.PoolBase.newConnection(PoolBase.java:364)
	at com.zaxxer.hikari.pool.PoolBase.newPoolEntry(PoolBase.java:206)
	at com.zaxxer.hikari.pool.HikariPool.createPoolEntry(HikariPool.java:476)
	at com.zaxxer.hikari.pool.HikariPool.checkFailFast(HikariPool.java:561)
	at com.zaxxer.hikari.pool.HikariPool.<init>(HikariPool.java:115)
	at com.zaxxer.hikari.HikariDataSource.getConnection(HikariDataSource.java:112)
	at liquibase.integration.spring.SpringLiquibase.afterPropertiesSet(SpringLiquibase.java:280)
	... 20 common frames omitted
29-04-2023 21:04:12.137 [main] INFO  m.p.s.DotenvPropertySource.addToEnvironment - Initializing Dotenv with DotenvConfig{directory=null, filename=null, ignoreIfMalformed=false, ignoreIfMissing=true, systemProperties=false, prefix=null}
29-04-2023 21:04:12.165 [main] INFO  ai.openfabric.api.Application.logStarting - Starting Application using Java 1.8.0_121 on DESKTOP-U6J1JKQ with PID 27944 (D:\lucru\openfabric\openfabric-test\openfabric-test\openfabric-api\build\classes\java\main started by Sebi in D:\lucru\openfabric\openfabric-test\openfabric-test\openfabric-api)
29-04-2023 21:04:12.166 [main] INFO  ai.openfabric.api.Application.logStartupProfileInfo - The following 2 profiles are active: "base", "local"
29-04-2023 21:04:13.239 [main] INFO  o.s.d.r.c.RepositoryConfigurationDelegate.registerRepositoriesIn - Bootstrapping Spring Data JPA repositories in DEFAULT mode.
29-04-2023 21:04:13.298 [main] INFO  o.s.d.r.c.RepositoryConfigurationDelegate.registerRepositoriesIn - Finished Spring Data repository scanning in 50 ms. Found 1 JPA repository interfaces.
29-04-2023 21:04:14.768 [main] INFO  o.s.b.w.e.tomcat.TomcatWebServer.initialize - Tomcat initialized with port(s): 8080 (http)
29-04-2023 21:04:14.769 [main] INFO  o.a.c.core.AprLifecycleListener.log - Loaded Apache Tomcat Native library [1.2.31] using APR version [1.7.0].
29-04-2023 21:04:14.769 [main] INFO  o.a.c.core.AprLifecycleListener.log - APR capabilities: IPv6 [true], sendfile [true], accept filters [false], random [true], UDS [true].
29-04-2023 21:04:14.769 [main] INFO  o.a.c.core.AprLifecycleListener.log - APR/OpenSSL configuration: useAprConnector [false], useOpenSSL [true]
29-04-2023 21:04:14.773 [main] INFO  o.a.c.core.AprLifecycleListener.log - OpenSSL successfully initialized [OpenSSL 1.1.1l  24 Aug 2021]
29-04-2023 21:04:14.782 [main] INFO  o.a.coyote.http11.Http11NioProtocol.log - Initializing ProtocolHandler ["http-nio-8080"]
29-04-2023 21:04:14.783 [main] INFO  o.a.catalina.core.StandardService.log - Starting service [Tomcat]
29-04-2023 21:04:14.783 [main] INFO  o.a.catalina.core.StandardEngine.log - Starting Servlet engine: [Apache Tomcat/9.0.68]
29-04-2023 21:04:14.978 [main] INFO  o.a.c.c.C.[Tomcat].[localhost].[/].log - Initializing Spring embedded WebApplicationContext
29-04-2023 21:04:14.978 [main] INFO  o.s.b.w.s.c.ServletWebServerApplicationContext.prepareWebApplicationContext - Root WebApplicationContext: initialization completed in 2741 ms
29-04-2023 21:04:15.143 [main] INFO  com.zaxxer.hikari.HikariDataSource.getConnection - HikariPool-1 - Starting...
29-04-2023 21:04:16.041 [main] INFO  com.zaxxer.hikari.HikariDataSource.getConnection - HikariPool-1 - Start completed.
29-04-2023 21:04:16.202 [main] INFO  liquibase.database.log - Set default schema name to public
29-04-2023 21:04:16.360 [main] INFO  liquibase.lockservice.log - Successfully acquired change log lock
29-04-2023 21:04:16.710 [main] INFO  liquibase.changelog.log - Creating database history table with name: public.databasechangelog
29-04-2023 21:04:16.727 [main] INFO  liquibase.changelog.log - Reading from public.databasechangelog
29-04-2023 21:04:16.829 [main] INFO  liquibase.changelog.log - Custom SQL executed
29-04-2023 21:04:16.833 [main] INFO  liquibase.changelog.log - ChangeSet db/changelog/table-schema.xml::EXTENSION::andrei ran successfully in 20ms
29-04-2023 21:04:16.848 [main] INFO  liquibase.changelog.log - Custom SQL executed
29-04-2023 21:04:16.851 [main] INFO  liquibase.changelog.log - ChangeSet db/changelog/table-schema.xml::SEQUENCE::andrei ran successfully in 7ms
29-04-2023 21:04:16.868 [main] INFO  liquibase.changelog.log - Table worker created
29-04-2023 21:04:16.871 [main] INFO  liquibase.changelog.log - ChangeSet db/changelog/table-schema.xml::WO_01::andrei ran successfully in 14ms
29-04-2023 21:04:16.881 [main] INFO  liquibase.lockservice.log - Successfully released change log lock
29-04-2023 21:04:17.017 [main] INFO  o.h.jpa.internal.util.LogHelper.logPersistenceUnitInformation - HHH000204: Processing PersistenceUnitInfo [name: default]
29-04-2023 21:04:17.084 [main] INFO  org.hibernate.Version.logVersion - HHH000412: Hibernate ORM core version 5.6.12.Final
29-04-2023 21:04:17.300 [main] INFO  o.h.annotations.common.Version.<clinit> - HCANN000001: Hibernate Commons Annotations {5.1.2.Final}
29-04-2023 21:04:17.470 [main] INFO  org.hibernate.dialect.Dialect.<init> - HHH000400: Using dialect: org.hibernate.dialect.PostgreSQLDialect
29-04-2023 21:04:18.183 [main] INFO  o.h.e.t.j.p.i.JtaPlatformInitiator.initiateService - HHH000490: Using JtaPlatform implementation: [org.hibernate.engine.transaction.jta.platform.internal.NoJtaPlatform]
29-04-2023 21:04:18.201 [main] INFO  o.s.o.j.LocalContainerEntityManagerFactoryBean.buildNativeEntityManagerFactory - Initialized JPA EntityManagerFactory for persistence unit 'default'
29-04-2023 21:04:18.271 [main] WARN  o.s.b.a.o.j.JpaBaseConfiguration$JpaWebConfiguration.openEntityManagerInViewInterceptor - spring.jpa.open-in-view is enabled by default. Therefore, database queries may be performed during view rendering. Explicitly configure spring.jpa.open-in-view to disable this warning
29-04-2023 21:04:24.804 [main] INFO  com.yahoo.elide.Elide.registerCustomSerde - Registering serde for type : class java.time.Instant
29-04-2023 21:04:24.805 [main] INFO  com.yahoo.elide.Elide.registerCustomSerde - Registering serde for type : class java.time.OffsetDateTime
29-04-2023 21:04:24.971 [main] WARN  o.s.b.a.s.s.UserDetailsServiceAutoConfiguration.getOrDeducePassword - 

Using generated security password: 8f82e64e-68dc-4915-a45b-31cf8039b584

This generated password is for development use only. Your security configuration must be updated before running your application in production.

29-04-2023 21:04:25.081 [main] INFO  o.s.s.web.DefaultSecurityFilterChain.<init> - Will secure any request with [org.springframework.security.web.session.DisableEncodeUrlFilter@7816454d, org.springframework.security.web.context.request.async.WebAsyncManagerIntegrationFilter@67d180e4, org.springframework.security.web.context.SecurityContextPersistenceFilter@61becbcf, org.springframework.security.web.header.HeaderWriterFilter@418d1c03, org.springframework.web.filter.CorsFilter@28ee7bee, org.springframework.security.web.authentication.logout.LogoutFilter@24cbf894, org.springframework.security.web.savedrequest.RequestCacheAwareFilter@58f97013, org.springframework.security.web.servletapi.SecurityContextHolderAwareRequestFilter@4cb82b09, org.springframework.security.web.authentication.AnonymousAuthenticationFilter@54e18a46, org.springframework.security.web.session.SessionManagementFilter@6723e6b3, org.springframework.security.web.access.ExceptionTranslationFilter@5151accb, org.springframework.security.web.access.intercept.FilterSecurityInterceptor@771afdd5]
29-04-2023 21:04:25.521 [main] WARN  o.s.b.a.t.ThymeleafAutoConfiguration$DefaultTemplateResolverConfiguration.checkTemplateLocationExists - Cannot find template location: classpath:/templates/ (please add some templates, check your Thymeleaf configuration, or set spring.thymeleaf.check-template-location=false)
29-04-2023 21:04:25.586 [main] INFO  o.a.coyote.http11.Http11NioProtocol.log - Starting ProtocolHandler ["http-nio-8080"]
29-04-2023 21:04:25.607 [main] INFO  o.s.b.w.e.tomcat.TomcatWebServer.start - Tomcat started on port(s): 8080 (http) with context path ''
29-04-2023 21:04:25.740 [main] INFO  ai.openfabric.api.Application.logStarted - Started Application in 14.077 seconds (JVM running for 14.94)
29-04-2023 21:38:53.027 [main] INFO  m.p.s.DotenvPropertySource.addToEnvironment - Initializing Dotenv with DotenvConfig{directory=null, filename=null, ignoreIfMalformed=false, ignoreIfMissing=true, systemProperties=false, prefix=null}
29-04-2023 21:38:53.057 [main] INFO  ai.openfabric.api.Application.logStarting - Starting Application using Java 1.8.0_121 on DESKTOP-U6J1JKQ with PID 40776 (D:\lucru\openfabric\openfabric-test\openfabric-test\openfabric-api\build\classes\java\main started by Sebi in D:\lucru\openfabric\openfabric-test\openfabric-test\openfabric-api)
29-04-2023 21:38:53.058 [main] INFO  ai.openfabric.api.Application.logStartupProfileInfo - The following 2 profiles are active: "base", "local"
29-04-2023 21:38:54.156 [main] INFO  o.s.d.r.c.RepositoryConfigurationDelegate.registerRepositoriesIn - Bootstrapping Spring Data JPA repositories in DEFAULT mode.
29-04-2023 21:38:54.216 [main] INFO  o.s.d.r.c.RepositoryConfigurationDelegate.registerRepositoriesIn - Finished Spring Data repository scanning in 51 ms. Found 1 JPA repository interfaces.
29-04-2023 21:38:55.765 [main] INFO  o.s.b.w.e.tomcat.TomcatWebServer.initialize - Tomcat initialized with port(s): 8080 (http)
29-04-2023 21:38:55.766 [main] INFO  o.a.c.core.AprLifecycleListener.log - Loaded Apache Tomcat Native library [1.2.31] using APR version [1.7.0].
29-04-2023 21:38:55.766 [main] INFO  o.a.c.core.AprLifecycleListener.log - APR capabilities: IPv6 [true], sendfile [true], accept filters [false], random [true], UDS [true].
29-04-2023 21:38:55.766 [main] INFO  o.a.c.core.AprLifecycleListener.log - APR/OpenSSL configuration: useAprConnector [false], useOpenSSL [true]
29-04-2023 21:38:55.773 [main] INFO  o.a.c.core.AprLifecycleListener.log - OpenSSL successfully initialized [OpenSSL 1.1.1l  24 Aug 2021]
29-04-2023 21:38:55.783 [main] INFO  o.a.coyote.http11.Http11NioProtocol.log - Initializing ProtocolHandler ["http-nio-8080"]
29-04-2023 21:38:55.784 [main] INFO  o.a.catalina.core.StandardService.log - Starting service [Tomcat]
29-04-2023 21:38:55.784 [main] INFO  o.a.catalina.core.StandardEngine.log - Starting Servlet engine: [Apache Tomcat/9.0.68]
29-04-2023 21:38:56.033 [main] INFO  o.a.c.c.C.[Tomcat].[localhost].[/].log - Initializing Spring embedded WebApplicationContext
29-04-2023 21:38:56.033 [main] INFO  o.s.b.w.s.c.ServletWebServerApplicationContext.prepareWebApplicationContext - Root WebApplicationContext: initialization completed in 2901 ms
29-04-2023 21:38:56.204 [main] INFO  com.zaxxer.hikari.HikariDataSource.getConnection - HikariPool-1 - Starting...
29-04-2023 21:38:57.420 [main] INFO  com.zaxxer.hikari.HikariDataSource.getConnection - HikariPool-1 - Start completed.
29-04-2023 21:38:57.624 [main] INFO  liquibase.database.log - Set default schema name to public
29-04-2023 21:38:57.798 [main] INFO  liquibase.lockservice.log - Successfully acquired change log lock
29-04-2023 21:38:58.222 [main] INFO  liquibase.changelog.log - Creating database history table with name: public.databasechangelog
29-04-2023 21:38:58.238 [main] INFO  liquibase.changelog.log - Reading from public.databasechangelog
29-04-2023 21:38:58.349 [main] INFO  liquibase.changelog.log - Custom SQL executed
29-04-2023 21:38:58.353 [main] INFO  liquibase.changelog.log - ChangeSet db/changelog/table-schema.xml::EXTENSION::andrei ran successfully in 34ms
29-04-2023 21:38:58.370 [main] INFO  liquibase.changelog.log - Custom SQL executed
29-04-2023 21:38:58.374 [main] INFO  liquibase.changelog.log - ChangeSet db/changelog/table-schema.xml::SEQUENCE::andrei ran successfully in 10ms
29-04-2023 21:38:58.392 [main] INFO  liquibase.changelog.log - Table worker created
29-04-2023 21:38:58.397 [main] INFO  liquibase.changelog.log - ChangeSet db/changelog/table-schema.xml::WO_01::andrei ran successfully in 17ms
29-04-2023 21:38:58.414 [main] INFO  liquibase.lockservice.log - Successfully released change log lock
29-04-2023 21:38:58.582 [main] INFO  o.h.jpa.internal.util.LogHelper.logPersistenceUnitInformation - HHH000204: Processing PersistenceUnitInfo [name: default]
29-04-2023 21:38:58.658 [main] INFO  org.hibernate.Version.logVersion - HHH000412: Hibernate ORM core version 5.6.12.Final
29-04-2023 21:38:58.922 [main] INFO  o.h.annotations.common.Version.<clinit> - HCANN000001: Hibernate Commons Annotations {5.1.2.Final}
29-04-2023 21:38:59.087 [main] INFO  org.hibernate.dialect.Dialect.<init> - HHH000400: Using dialect: org.hibernate.dialect.PostgreSQLDialect
29-04-2023 21:38:59.850 [main] INFO  o.h.e.t.j.p.i.JtaPlatformInitiator.initiateService - HHH000490: Using JtaPlatform implementation: [org.hibernate.engine.transaction.jta.platform.internal.NoJtaPlatform]
29-04-2023 21:38:59.864 [main] INFO  o.s.o.j.LocalContainerEntityManagerFactoryBean.buildNativeEntityManagerFactory - Initialized JPA EntityManagerFactory for persistence unit 'default'
29-04-2023 21:38:59.928 [main] WARN  o.s.b.a.o.j.JpaBaseConfiguration$JpaWebConfiguration.openEntityManagerInViewInterceptor - spring.jpa.open-in-view is enabled by default. Therefore, database queries may be performed during view rendering. Explicitly configure spring.jpa.open-in-view to disable this warning
29-04-2023 21:39:06.715 [main] INFO  com.yahoo.elide.Elide.registerCustomSerde - Registering serde for type : class java.time.Instant
29-04-2023 21:39:06.716 [main] INFO  com.yahoo.elide.Elide.registerCustomSerde - Registering serde for type : class java.time.OffsetDateTime
29-04-2023 21:39:06.917 [main] WARN  o.s.b.a.s.s.UserDetailsServiceAutoConfiguration.getOrDeducePassword - 

Using generated security password: 773f26e2-2b95-42a3-98b6-a0b3617699bb

This generated password is for development use only. Your security configuration must be updated before running your application in production.

29-04-2023 21:39:07.068 [main] INFO  o.s.s.web.DefaultSecurityFilterChain.<init> - Will secure any request with [org.springframework.security.web.session.DisableEncodeUrlFilter@7816454d, org.springframework.security.web.context.request.async.WebAsyncManagerIntegrationFilter@67d180e4, org.springframework.security.web.context.SecurityContextPersistenceFilter@61becbcf, org.springframework.security.web.header.HeaderWriterFilter@418d1c03, org.springframework.web.filter.CorsFilter@28ee7bee, org.springframework.security.web.authentication.logout.LogoutFilter@24cbf894, org.springframework.security.web.savedrequest.RequestCacheAwareFilter@58f97013, org.springframework.security.web.servletapi.SecurityContextHolderAwareRequestFilter@4cb82b09, org.springframework.security.web.authentication.AnonymousAuthenticationFilter@54e18a46, org.springframework.security.web.session.SessionManagementFilter@6723e6b3, org.springframework.security.web.access.ExceptionTranslationFilter@5151accb, org.springframework.security.web.access.intercept.FilterSecurityInterceptor@771afdd5]
29-04-2023 21:39:07.580 [main] WARN  o.s.b.a.t.ThymeleafAutoConfiguration$DefaultTemplateResolverConfiguration.checkTemplateLocationExists - Cannot find template location: classpath:/templates/ (please add some templates, check your Thymeleaf configuration, or set spring.thymeleaf.check-template-location=false)
29-04-2023 21:39:07.659 [main] INFO  o.a.coyote.http11.Http11NioProtocol.log - Starting ProtocolHandler ["http-nio-8080"]
29-04-2023 21:39:07.681 [main] INFO  o.s.b.w.e.tomcat.TomcatWebServer.start - Tomcat started on port(s): 8080 (http) with context path ''
29-04-2023 21:39:07.873 [main] INFO  ai.openfabric.api.Application.logStarted - Started Application in 15.356 seconds (JVM running for 16.453)
